TN:
SF:tests\calculator.js
FN:2,Calculator
FN:6,add
FN:15,multiply
FN:23,subtraction
FN:27,divide
FN:31,square
FNF:6
FNH:6
FNDA:5,Calculator
FNDA:9,add
FNDA:11,multiply
FNDA:10,subtraction
FNDA:11,divide
FNDA:8,square
DA:1,1
DA:2,1
DA:3,5
DA:4,5
DA:5,1
DA:6,1
DA:7,9
DA:8,9
DA:9,16
DA:10,16
DA:11,9
DA:12,9
DA:13,9
DA:14,1
DA:15,1
DA:16,11
DA:17,11
DA:18,20
DA:19,20
DA:20,11
DA:21,11
DA:22,1
DA:23,1
DA:24,10
DA:25,10
DA:26,1
DA:27,1
DA:28,11
DA:29,11
DA:30,1
DA:31,1
DA:32,8
DA:33,8
DA:34,1
DA:35,1
DA:36,1
DA:37,1
DA:38,1
LF:38
LH:38
BRDA:2,0,0,5
BRDA:6,1,0,9
BRDA:8,2,0,16
BRDA:15,3,0,11
BRDA:17,4,0,20
BRDA:23,5,0,10
BRDA:27,6,0,11
BRDA:31,7,0,8
BRF:8
BRH:8
end_of_record
